<?xml version="1.0" encoding="UTF-8"?>
<!-- Generated by org.testng.reporters.JUnitReportReporter -->
<testsuite hostname="EPINHYDW0AC0" failures="0" tests="1" name="com.epm.test.SeleniumGridGCPTest" time="1.104" errors="0" timestamp="2024-03-01T15:23:03 IST" skipped="0">
  <testcase classname="com.epm.test.SeleniumGridGCPTest" name="verifySearchButtonPresence" time="1.104"/>
</testsuite> <!-- com.epm.test.SeleniumGridGCPTest -->
