<?xml version="1.0" encoding="UTF-8"?>
<!-- Generated by org.testng.reporters.JUnitReportReporter -->
<testsuite hostname="EPINHYDW0AC0" failures="0" tests="1" name="com.epm.test.SeleniumGridTestGCP" time="0.178" errors="0" timestamp="2024-03-01T10:37:50 IST" skipped="0">
  <testcase classname="com.epm.test.SeleniumGridTestGCP" name="verifySearchButtonPresence" time="0.178"/>
</testsuite> <!-- com.epm.test.SeleniumGridTestGCP -->
