<?xml version="1.0" encoding="UTF-8"?>
<!-- Generated by org.testng.reporters.JUnitReportReporter -->
<testsuite hostname="EPINHYDW0AC0" failures="0" tests="1" name="com.epam.test.PostsTest" time="3.589" errors="0" timestamp="2024-04-17T18:45:29 IST" skipped="0">
  <testcase classname="com.epam.test.PostsTest" name="verifyCreationBody" time="3.589"/>
</testsuite> <!-- com.epam.test.PostsTest -->
