<?xml version="1.0" encoding="UTF-8"?>
<!-- Generated by org.testng.reporters.JUnitReportReporter -->
<testsuite hostname="EPINHYDW0AC0" failures="0" tests="1" name="com.epam.test.AlbumTest" time="2.386" errors="0" timestamp="2024-03-14T15:09:16 IST" skipped="0">
  <testcase classname="com.epam.test.AlbumTest" name="verifyGetAlbumBody" time="2.386"/>
</testsuite> <!-- com.epam.test.AlbumTest -->
