<?xml version="1.0" encoding="UTF-8"?>
<!-- Generated by org.testng.reporters.JUnitReportReporter -->
<testsuite hostname="EPINHYDW0AC0" failures="0" tests="1" name="eachtypeofresource.RestClientTest" time="5.380" errors="0" timestamp="2024-02-14T16:42:37 IST" skipped="0">
  <testcase classname="eachtypeofresource.RestClientTest" name="testResourceDataRetrieval" time="5.380"/>
</testsuite> <!-- eachtypeofresource.RestClientTest -->
