<?xml version="1.0" encoding="UTF-8"?>
<!-- Generated by org.testng.reporters.JUnitReportReporter -->
<testsuite hostname="EPINHYDW0AC0" failures="0" tests="14" name="com.epam.test.CommentsTest" time="17.013" errors="0" timestamp="2024-02-28T17:18:28 IST" skipped="0">
  <testcase classname="com.epam.test.CommentsTest" name="verifyDeleteBody" time="0.917"/>
  <testcase classname="com.epam.test.CommentsTest" name="verifyGetStatusCode" time="0.124"/>
  <testcase classname="com.epam.test.CommentsTest" name="verifyDeleteBody" time="1.145"/>
  <testcase classname="com.epam.test.CommentsTest" name="verifyGetStatusCode" time="0.119"/>
  <testcase classname="com.epam.test.CommentsTest" name="verifyModifyStatusCode" time="1.143"/>
  <testcase classname="com.epam.test.CommentsTest" name="verifyDeleteStatusCode" time="1.030"/>
  <testcase classname="com.epam.test.CommentsTest" name="verifyCreationBody" time="5.778"/>
  <testcase classname="com.epam.test.CommentsTest" name="verifyCreationStatusCode" time="1.250"/>
  <testcase classname="com.epam.test.CommentsTest" name="verifyDeleteStatusCode" time="1.054"/>
  <testcase classname="com.epam.test.CommentsTest" name="verifyGetStatusCode" time="0.970"/>
  <testcase classname="com.epam.test.CommentsTest" name="verifyGetCommentBody" time="0.127"/>
  <testcase classname="com.epam.test.CommentsTest" name="verifyDeleteBody" time="1.242"/>
  <testcase classname="com.epam.test.CommentsTest" name="verifyDeleteStatusCode" time="0.959"/>
  <testcase classname="com.epam.test.CommentsTest" name="verifyModifyBody" time="1.155"/>
</testsuite> <!-- com.epam.test.CommentsTest -->
