<?xml version="1.0" encoding="UTF-8"?>
<!-- Generated by org.testng.reporters.JUnitReportReporter -->
<testsuite hostname="EPINHYDW0AC0" failures="0" tests="1" name="testng.AppTest" time="0.019" errors="0" timestamp="2024-04-02T16:54:02 IST" skipped="0">
  <testcase classname="testng.AppTest" name="iuhefiu" time="0.019"/>
</testsuite> <!-- testng.AppTest -->
