<?xml version="1.0" encoding="UTF-8"?>
<!-- Generated by org.testng.reporters.JUnitReportReporter -->
<testsuite hostname="EPINHYDW0AC0" failures="0" tests="1" name="test.CoopFeedTheChickens" time="2.624" errors="0" timestamp="2024-02-20T20:55:21 IST" skipped="0">
  <testcase classname="test.CoopFeedTheChickens" name="countNoOfEggs" time="2.624"/>
</testsuite> <!-- test.CoopFeedTheChickens -->
