<?xml version="1.0" encoding="UTF-8"?>
<!-- Generated by org.testng.reporters.JUnitReportReporter -->
<testsuite hostname="EPINHYDW0AC0" failures="0" tests="1" name="com.epm.test.CheckBoxesTest" time="38.600" errors="0" timestamp="2024-12-23T18:19:39 IST" skipped="0">
  <testcase classname="com.epm.test.CheckBoxesTest" name="verifyCheckBoxes" time="38.600"/>
</testsuite> <!-- com.epm.test.CheckBoxesTest -->
