<?xml version="1.0" encoding="UTF-8"?>
<!-- Generated by org.testng.reporters.JUnitReportReporter -->
<testsuite hostname="EPINHYDW0AC0" failures="0" tests="1" name="com.epm.test.CheckBoxesTest" time="7.382" errors="0" timestamp="2024-02-23T15:48:36 IST" skipped="0">
  <testcase classname="com.epm.test.CheckBoxesTest" name="verifyCheckBoxes" time="7.382"/>
</testsuite> <!-- com.epm.test.CheckBoxesTest -->
