<?xml version="1.0" encoding="UTF-8"?>
<!-- Generated by org.testng.reporters.JUnitReportReporter -->
<testsuite hostname="EPINHYDW0AC0" failures="0" tests="2" name="test.PlacesTest" time="5.611" errors="0" timestamp="2024-03-22T18:04:45 IST" skipped="0">
  <testcase classname="test.PlacesTest" name="verifyPostCode" time="1.367"/>
  <testcase classname="test.PlacesTest" name="verifyPostCode" time="4.244"/>
</testsuite> <!-- test.PlacesTest -->
