<?xml version="1.0" encoding="UTF-8"?>
<!-- Generated by org.testng.reporters.JUnitReportReporter -->
<testsuite hostname="EPINHYDW0AC0" failures="0" tests="1" name="test.OpenWeatherHydTest" time="3.820" errors="0" timestamp="2024-02-20T22:59:01 IST" skipped="0">
  <testcase classname="test.OpenWeatherHydTest" name="verifyMainTemp" time="3.820"/>
</testsuite> <!-- test.OpenWeatherHydTest -->
