<?xml version="1.0" encoding="UTF-8"?>
<!-- Generated by org.testng.reporters.JUnitReportReporter -->
<testsuite hostname="EPINHYDW0AC0" failures="0" tests="1" name="test.PetTest" time="4.400" errors="0" timestamp="2024-02-19T20:49:34 IST" skipped="0">
  <testcase classname="test.PetTest" name="verifyPetIsADog" time="4.400"/>
</testsuite> <!-- test.PetTest -->
