<?xml version="1.0" encoding="UTF-8"?>
<!-- Generated by org.testng.reporters.JUnitReportReporter -->
<testsuite hostname="EPINHYDW0AC0" failures="0" tests="1" name="placeholderGet.GetUser" time="4.363" errors="0" timestamp="2024-02-19T19:03:02 IST" skipped="0">
  <testcase classname="placeholderGet.GetUser" name="verifyErvinHowellIsAUser" time="4.363"/>
</testsuite> <!-- placeholderGet.GetUser -->
