<?xml version="1.0" encoding="UTF-8"?>
<!-- Generated by org.testng.reporters.JUnitReportReporter -->
<testsuite hostname="EPINHYDW0AC0" failures="0" tests="1" name="placeholderGet.GetPost" time="2.902" errors="0" timestamp="2024-02-19T18:38:15 IST" skipped="0">
  <testcase classname="placeholderGet.GetPost" name="verifyStatusCode" time="2.902"/>
</testsuite> <!-- placeholderGet.GetPost -->
